<?xml version="1.0" encoding="UTF-8"?>
<testsuite xmlns:xsi="http://www.w3.org/2001/XMLSchema-instance" xsi:noNamespaceSchemaLocation="https://maven.apache.org/surefire/maven-surefire-plugin/xsd/surefire-test-report-3.0.xsd" version="3.0" name="org.epam.repository.StudentServiceTest" time="0.068" tests="11" errors="0" skipped="0" failures="0">
  <properties>
[...]
</properties>
  <testcase name="getGradesReport" classname="org.epam.repository.StudentServiceTest" time="0.027"/>
  <testcase name="sortByName" classname="org.epam.repository.StudentServiceTest" time="0.003"/>
  <testcase name="returnStudentIndex" classname="org.epam.repository.StudentServiceTest" time="0.001"/>
  <testcase name="removeStudent" classname="org.epam.repository.StudentServiceTest" time="0.008"/>
  <testcase name="findStudentById" classname="org.epam.repository.StudentServiceTest" time="0.001"/>
  <testcase name="addStudent" classname="org.epam.repository.StudentServiceTest" time="0.002"/>
  <testcase name="updateStudent" classname="org.epam.repository.StudentServiceTest" time="0.001"/>
  <testcase name="calculateAvgGrade" classname="org.epam.repository.StudentServiceTest" time="0.009"/>
  <testcase name="sortByAvgGrade" classname="org.epam.repository.StudentServiceTest" time="0.001"/>
  <testcase name="createReport" classname="org.epam.repository.StudentServiceTest" time="0.001"/>
  <testcase name="filterStudents" classname="org.epam.repository.StudentServiceTest" time="0.006"/>
</testsuite>